[0.195s] DEBUG:colcon:Command line arguments: ['/usr/bin/colcon', 'build']
[0.195s] DEBUG:colcon:Parsed command line arguments: Namespace(log_base=None, log_level=None, verb_name='build', build_base='build', install_base='install', merge_install=False, symlink_install=False, test_result_base=None, continue_on_error=False, executor='parallel', parallel_workers=4, event_handlers=None, ignore_user_meta=False, metas=['./colcon.meta'], base_paths=['.'], packages_ignore=None, packages_ignore_regex=None, paths=None, packages_up_to=None, packages_up_to_regex=None, packages_above=None, packages_above_and_dependencies=None, packages_above_depth=None, packages_select_by_dep=None, packages_skip_by_dep=None, packages_skip_up_to=None, packages_select_build_failed=False, packages_skip_build_finished=False, packages_select_test_failures=False, packages_skip_test_passed=False, packages_select=None, packages_skip=None, packages_select_regex=None, packages_skip_regex=None, packages_start=None, packages_end=None, allow_overriding=[], cmake_args=None, cmake_target=None, cmake_target_skip_unavailable=False, cmake_clean_cache=False, cmake_clean_first=False, cmake_force_configure=False, ament_cmake_args=None, catkin_cmake_args=None, catkin_skip_building_tests=False, mixin_files=None, mixin=None, verb_parser=<colcon_mixin.mixin.mixin_argument.MixinArgumentDecorator object at 0x70150f143460>, verb_extension=<colcon_core.verb.build.BuildVerb object at 0x70150f2903d0>, main=<bound method BuildVerb.main of <colcon_core.verb.build.BuildVerb object at 0x70150f2903d0>>, mixin_verb=('build',))
[0.484s] Level 1:colcon.colcon_core.package_discovery:discover_packages(colcon_meta) check parameters
[0.485s] Level 1:colcon.colcon_core.package_discovery:discover_packages(recursive) check parameters
[0.485s] Level 1:colcon.colcon_core.package_discovery:discover_packages(ignore) check parameters
[0.485s] Level 1:colcon.colcon_core.package_discovery:discover_packages(path) check parameters
[0.485s] Level 1:colcon.colcon_core.package_discovery:discover_packages(colcon_meta) discover
[0.485s] Level 1:colcon.colcon_core.package_discovery:discover_packages(recursive) discover
[0.485s] INFO:colcon.colcon_core.package_discovery:Crawling recursively for packages in '/home/mariam/dev_ws/src/motor_command_node'
[0.485s] Level 1:colcon.colcon_core.package_identification:_identify(.) by extensions ['ignore', 'ignore_ament_install']
[0.485s] Level 1:colcon.colcon_core.package_identification:_identify(.) by extension 'ignore'
[0.485s] Level 1:colcon.colcon_core.package_identification:_identify(.) by extension 'ignore_ament_install'
[0.485s] Level 1:colcon.colcon_core.package_identification:_identify(.) by extensions ['colcon_pkg']
[0.485s] Level 1:colcon.colcon_core.package_identification:_identify(.) by extension 'colcon_pkg'
[0.485s] Level 1:colcon.colcon_core.package_identification:_identify(.) by extensions ['colcon_meta']
[0.485s] Level 1:colcon.colcon_core.package_identification:_identify(.) by extension 'colcon_meta'
[0.485s] Level 1:colcon.colcon_core.package_identification:_identify(.) by extensions ['ros']
[0.485s] Level 1:colcon.colcon_core.package_identification:_identify(.) by extension 'ros'
[0.504s] DEBUG:colcon.colcon_core.package_identification:Package '.' with type 'ros.ament_python' and name 'motor_command_node'
[0.505s] Level 1:colcon.colcon_core.package_discovery:discover_packages(recursive) using defaults
[0.505s] Level 1:colcon.colcon_core.package_discovery:discover_packages(ignore) discover
[0.505s] Level 1:colcon.colcon_core.package_discovery:discover_packages(ignore) using defaults
[0.505s] Level 1:colcon.colcon_core.package_discovery:discover_packages(path) discover
[0.505s] Level 1:colcon.colcon_core.package_discovery:discover_packages(path) using defaults
[0.554s] Level 1:colcon.colcon_core.package_discovery:discover_packages(prefix_path) check parameters
[0.554s] Level 1:colcon.colcon_core.package_discovery:discover_packages(prefix_path) discover
[0.557s] DEBUG:colcon.colcon_installed_package_information.package_discovery:Found 5 installed packages in /home/mariam/dev_ws/install
[0.560s] DEBUG:colcon.colcon_installed_package_information.package_discovery:Found 459 installed packages in /opt/ros/humble
[0.564s] Level 1:colcon.colcon_core.package_discovery:discover_packages(prefix_path) using defaults
[0.667s] Level 5:colcon.colcon_core.verb:set package 'motor_command_node' build argument 'cmake_args' from command line to 'None'
[0.667s] Level 5:colcon.colcon_core.verb:set package 'motor_command_node' build argument 'cmake_target' from command line to 'None'
[0.667s] Level 5:colcon.colcon_core.verb:set package 'motor_command_node' build argument 'cmake_target_skip_unavailable' from command line to 'False'
[0.667s] Level 5:colcon.colcon_core.verb:set package 'motor_command_node' build argument 'cmake_clean_cache' from command line to 'False'
[0.667s] Level 5:colcon.colcon_core.verb:set package 'motor_command_node' build argument 'cmake_clean_first' from command line to 'False'
[0.667s] Level 5:colcon.colcon_core.verb:set package 'motor_command_node' build argument 'cmake_force_configure' from command line to 'False'
[0.668s] Level 5:colcon.colcon_core.verb:set package 'motor_command_node' build argument 'ament_cmake_args' from command line to 'None'
[0.668s] Level 5:colcon.colcon_core.verb:set package 'motor_command_node' build argument 'catkin_cmake_args' from command line to 'None'
[0.668s] Level 5:colcon.colcon_core.verb:set package 'motor_command_node' build argument 'catkin_skip_building_tests' from command line to 'False'
[0.668s] DEBUG:colcon.colcon_core.verb:Building package 'motor_command_node' with the following arguments: {'ament_cmake_args': None, 'build_base': '/home/mariam/dev_ws/src/motor_command_node/build/motor_command_node', 'catkin_cmake_args': None, 'catkin_skip_building_tests': False, 'cmake_args': None, 'cmake_clean_cache': False, 'cmake_clean_first': False, 'cmake_force_configure': False, 'cmake_target': None, 'cmake_target_skip_unavailable': False, 'install_base': '/home/mariam/dev_ws/src/motor_command_node/install/motor_command_node', 'merge_install': False, 'path': '/home/mariam/dev_ws/src/motor_command_node', 'symlink_install': False, 'test_result_base': None}
[0.668s] INFO:colcon.colcon_core.executor:Executing jobs using 'parallel' executor
[0.670s] DEBUG:colcon.colcon_parallel_executor.executor.parallel:run_until_complete
[0.670s] INFO:colcon.colcon_ros.task.ament_python.build:Building ROS package in '/home/mariam/dev_ws/src/motor_command_node' with build type 'ament_python'
[0.670s] Level 1:colcon.colcon_core.shell:create_environment_hook('motor_command_node', 'ament_prefix_path')
[0.673s] INFO:colcon.colcon_core.plugin_system:Skipping extension 'colcon_core.shell.bat': Not used on non-Windows systems
[0.673s] INFO:colcon.colcon_core.shell:Creating environment hook '/home/mariam/dev_ws/src/motor_command_node/install/motor_command_node/share/motor_command_node/hook/ament_prefix_path.ps1'
[0.674s] INFO:colcon.colcon_core.shell:Creating environment descriptor '/home/mariam/dev_ws/src/motor_command_node/install/motor_command_node/share/motor_command_node/hook/ament_prefix_path.dsv'
[0.675s] INFO:colcon.colcon_core.shell:Creating environment hook '/home/mariam/dev_ws/src/motor_command_node/install/motor_command_node/share/motor_command_node/hook/ament_prefix_path.sh'
[0.676s] INFO:colcon.colcon_core.shell:Skip shell extension 'powershell' for command environment: Not usable outside of PowerShell
[0.676s] DEBUG:colcon.colcon_core.shell:Skip shell extension 'dsv' for command environment
[1.121s] WARNING:colcon.colcon_ros.task.ament_python.build:Package 'motor_command_node' doesn't explicitly install a marker in the package index (colcon-ros currently does it implicitly but that fallback will be removed in the future)
[1.122s] WARNING:colcon.colcon_ros.task.ament_python.build:Package 'motor_command_node' doesn't explicitly install the 'package.xml' file (colcon-ros currently does it implicitly but that fallback will be removed in the future)
[1.122s] INFO:colcon.colcon_core.task.python.build:Building Python package in '/home/mariam/dev_ws/src/motor_command_node'
[1.123s] INFO:colcon.colcon_core.shell:Skip shell extension 'powershell' for command environment: Not usable outside of PowerShell
[1.123s] DEBUG:colcon.colcon_core.shell:Skip shell extension 'dsv' for command environment
[1.716s] DEBUG:colcon.colcon_core.event_handler.log_command:Invoking command in '/home/mariam/dev_ws/src/motor_command_node': PYTHONPATH=/home/mariam/dev_ws/src/motor_command_node/build/motor_command_node/prefix_override:/usr/lib/python3/dist-packages/colcon_core/task/python/colcon_distutils_commands:/home/mariam/dev_ws/src/motor_command_node/install/motor_command_node/lib/python3.10/site-packages:${PYTHONPATH} /usr/bin/python3 -W ignore:setup.py install is deprecated -W ignore:easy_install command is deprecated setup.py egg_info --egg-base build/motor_command_node build --build-base /home/mariam/dev_ws/src/motor_command_node/build/motor_command_node/build install --record /home/mariam/dev_ws/src/motor_command_node/build/motor_command_node/install.log --single-version-externally-managed
[2.213s] DEBUG:colcon.colcon_core.event_handler.log_command:Invoked command in '/home/mariam/dev_ws/src/motor_command_node' returned '0': PYTHONPATH=/home/mariam/dev_ws/src/motor_command_node/build/motor_command_node/prefix_override:/usr/lib/python3/dist-packages/colcon_core/task/python/colcon_distutils_commands:/home/mariam/dev_ws/src/motor_command_node/install/motor_command_node/lib/python3.10/site-packages:${PYTHONPATH} /usr/bin/python3 -W ignore:setup.py install is deprecated -W ignore:easy_install command is deprecated setup.py egg_info --egg-base build/motor_command_node build --build-base /home/mariam/dev_ws/src/motor_command_node/build/motor_command_node/build install --record /home/mariam/dev_ws/src/motor_command_node/build/motor_command_node/install.log --single-version-externally-managed
[2.216s] Level 1:colcon.colcon_core.environment:checking '/home/mariam/dev_ws/src/motor_command_node/install/motor_command_node' for CMake module files
[2.217s] Level 1:colcon.colcon_core.environment:checking '/home/mariam/dev_ws/src/motor_command_node/install/motor_command_node' for CMake config files
[2.218s] Level 1:colcon.colcon_core.environment:checking '/home/mariam/dev_ws/src/motor_command_node/install/motor_command_node/lib'
[2.218s] Level 1:colcon.colcon_core.environment:checking '/home/mariam/dev_ws/src/motor_command_node/install/motor_command_node/bin'
[2.218s] Level 1:colcon.colcon_core.environment:checking '/home/mariam/dev_ws/src/motor_command_node/install/motor_command_node/lib/pkgconfig/motor_command_node.pc'
[2.219s] Level 1:colcon.colcon_core.environment:checking '/home/mariam/dev_ws/src/motor_command_node/install/motor_command_node/lib/python3.10/site-packages'
[2.219s] Level 1:colcon.colcon_core.shell:create_environment_hook('motor_command_node', 'pythonpath')
[2.219s] INFO:colcon.colcon_core.shell:Creating environment hook '/home/mariam/dev_ws/src/motor_command_node/install/motor_command_node/share/motor_command_node/hook/pythonpath.ps1'
[2.220s] INFO:colcon.colcon_core.shell:Creating environment descriptor '/home/mariam/dev_ws/src/motor_command_node/install/motor_command_node/share/motor_command_node/hook/pythonpath.dsv'
[2.221s] INFO:colcon.colcon_core.shell:Creating environment hook '/home/mariam/dev_ws/src/motor_command_node/install/motor_command_node/share/motor_command_node/hook/pythonpath.sh'
[2.221s] Level 1:colcon.colcon_core.environment:checking '/home/mariam/dev_ws/src/motor_command_node/install/motor_command_node/bin'
[2.221s] Level 1:colcon.colcon_core.environment:create_environment_scripts_only(motor_command_node)
[2.222s] INFO:colcon.colcon_core.shell:Creating package script '/home/mariam/dev_ws/src/motor_command_node/install/motor_command_node/share/motor_command_node/package.ps1'
[2.223s] INFO:colcon.colcon_core.shell:Creating package descriptor '/home/mariam/dev_ws/src/motor_command_node/install/motor_command_node/share/motor_command_node/package.dsv'
[2.224s] INFO:colcon.colcon_core.shell:Creating package script '/home/mariam/dev_ws/src/motor_command_node/install/motor_command_node/share/motor_command_node/package.sh'
[2.225s] INFO:colcon.colcon_core.shell:Creating package script '/home/mariam/dev_ws/src/motor_command_node/install/motor_command_node/share/motor_command_node/package.bash'
[2.226s] INFO:colcon.colcon_core.shell:Creating package script '/home/mariam/dev_ws/src/motor_command_node/install/motor_command_node/share/motor_command_node/package.zsh'
[2.227s] Level 1:colcon.colcon_core.environment:create_file_with_runtime_dependencies(/home/mariam/dev_ws/src/motor_command_node/install/motor_command_node/share/colcon-core/packages/motor_command_node)
[2.228s] DEBUG:colcon.colcon_parallel_executor.executor.parallel:closing loop
[2.228s] DEBUG:colcon.colcon_parallel_executor.executor.parallel:loop closed
[2.228s] DEBUG:colcon.colcon_parallel_executor.executor.parallel:run_until_complete finished with '0'
[2.228s] DEBUG:colcon.colcon_core.event_reactor:joining thread
[2.235s] INFO:colcon.colcon_core.plugin_system:Skipping extension 'colcon_notification.desktop_notification.terminal_notifier': Not used on non-Darwin systems
[2.235s] INFO:colcon.colcon_core.plugin_system:Skipping extension 'colcon_notification.desktop_notification.win32': Not used on non-Windows systems
[2.236s] INFO:colcon.colcon_notification.desktop_notification:Sending desktop notification using 'notify2'
[2.249s] DEBUG:colcon.colcon_core.event_reactor:joined thread
[2.250s] INFO:colcon.colcon_core.shell:Creating prefix script '/home/mariam/dev_ws/src/motor_command_node/install/local_setup.ps1'
[2.252s] INFO:colcon.colcon_core.shell:Creating prefix util module '/home/mariam/dev_ws/src/motor_command_node/install/_local_setup_util_ps1.py'
[2.254s] INFO:colcon.colcon_core.shell:Creating prefix chain script '/home/mariam/dev_ws/src/motor_command_node/install/setup.ps1'
[2.256s] INFO:colcon.colcon_core.shell:Creating prefix script '/home/mariam/dev_ws/src/motor_command_node/install/local_setup.sh'
[2.256s] INFO:colcon.colcon_core.shell:Creating prefix util module '/home/mariam/dev_ws/src/motor_command_node/install/_local_setup_util_sh.py'
[2.257s] INFO:colcon.colcon_core.shell:Creating prefix chain script '/home/mariam/dev_ws/src/motor_command_node/install/setup.sh'
[2.259s] INFO:colcon.colcon_core.shell:Creating prefix script '/home/mariam/dev_ws/src/motor_command_node/install/local_setup.bash'
[2.260s] INFO:colcon.colcon_core.shell:Creating prefix chain script '/home/mariam/dev_ws/src/motor_command_node/install/setup.bash'
[2.261s] INFO:colcon.colcon_core.shell:Creating prefix script '/home/mariam/dev_ws/src/motor_command_node/install/local_setup.zsh'
[2.262s] INFO:colcon.colcon_core.shell:Creating prefix chain script '/home/mariam/dev_ws/src/motor_command_node/install/setup.zsh'
