[1.044s] Invoking command in '/home/mariam/dev_ws/src/motor_command_node': PYTHONPATH=/home/mariam/dev_ws/src/motor_command_node/build/motor_command_node/prefix_override:/usr/lib/python3/dist-packages/colcon_core/task/python/colcon_distutils_commands:/home/mariam/dev_ws/src/motor_command_node/install/motor_command_node/lib/python3.10/site-packages:${PYTHONPATH} /usr/bin/python3 -W ignore:setup.py install is deprecated -W ignore:easy_install command is deprecated setup.py egg_info --egg-base build/motor_command_node build --build-base /home/mariam/dev_ws/src/motor_command_node/build/motor_command_node/build install --record /home/mariam/dev_ws/src/motor_command_node/build/motor_command_node/install.log --single-version-externally-managed
[1.454s] running egg_info
[1.455s] creating build/motor_command_node/motor_command_node.egg-info
[1.455s] writing build/motor_command_node/motor_command_node.egg-info/PKG-INFO
[1.456s] writing dependency_links to build/motor_command_node/motor_command_node.egg-info/dependency_links.txt
[1.456s] writing entry points to build/motor_command_node/motor_command_node.egg-info/entry_points.txt
[1.456s] writing requirements to build/motor_command_node/motor_command_node.egg-info/requires.txt
[1.456s] writing top-level names to build/motor_command_node/motor_command_node.egg-info/top_level.txt
[1.457s] writing manifest file 'build/motor_command_node/motor_command_node.egg-info/SOURCES.txt'
[1.459s] reading manifest file 'build/motor_command_node/motor_command_node.egg-info/SOURCES.txt'
[1.460s] writing manifest file 'build/motor_command_node/motor_command_node.egg-info/SOURCES.txt'
[1.461s] running build
[1.461s] running build_py
[1.461s] creating /home/mariam/dev_ws/src/motor_command_node/build/motor_command_node/build
[1.461s] creating /home/mariam/dev_ws/src/motor_command_node/build/motor_command_node/build/lib
[1.461s] creating /home/mariam/dev_ws/src/motor_command_node/build/motor_command_node/build/lib/motor_command_node
[1.461s] copying motor_command_node/__init__.py -> /home/mariam/dev_ws/src/motor_command_node/build/motor_command_node/build/lib/motor_command_node
[1.462s] copying motor_command_node/motor_control_node.py -> /home/mariam/dev_ws/src/motor_command_node/build/motor_command_node/build/lib/motor_command_node
[1.462s] copying motor_command_node/motor_command_node.py -> /home/mariam/dev_ws/src/motor_command_node/build/motor_command_node/build/lib/motor_command_node
[1.464s] running install
[1.464s] running install_lib
[1.465s] creating /home/mariam/dev_ws/src/motor_command_node/install/motor_command_node/lib/python3.10/site-packages/motor_command_node
[1.465s] copying /home/mariam/dev_ws/src/motor_command_node/build/motor_command_node/build/lib/motor_command_node/__init__.py -> /home/mariam/dev_ws/src/motor_command_node/install/motor_command_node/lib/python3.10/site-packages/motor_command_node
[1.466s] copying /home/mariam/dev_ws/src/motor_command_node/build/motor_command_node/build/lib/motor_command_node/motor_control_node.py -> /home/mariam/dev_ws/src/motor_command_node/install/motor_command_node/lib/python3.10/site-packages/motor_command_node
[1.466s] copying /home/mariam/dev_ws/src/motor_command_node/build/motor_command_node/build/lib/motor_command_node/motor_command_node.py -> /home/mariam/dev_ws/src/motor_command_node/install/motor_command_node/lib/python3.10/site-packages/motor_command_node
[1.466s] byte-compiling /home/mariam/dev_ws/src/motor_command_node/install/motor_command_node/lib/python3.10/site-packages/motor_command_node/__init__.py to __init__.cpython-310.pyc
[1.467s] byte-compiling /home/mariam/dev_ws/src/motor_command_node/install/motor_command_node/lib/python3.10/site-packages/motor_command_node/motor_control_node.py to motor_control_node.cpython-310.pyc
[1.468s] byte-compiling /home/mariam/dev_ws/src/motor_command_node/install/motor_command_node/lib/python3.10/site-packages/motor_command_node/motor_command_node.py to motor_command_node.cpython-310.pyc
[1.468s] running install_egg_info
[1.470s] Copying build/motor_command_node/motor_command_node.egg-info to /home/mariam/dev_ws/src/motor_command_node/install/motor_command_node/lib/python3.10/site-packages/motor_command_node-0.0.1-py3.10.egg-info
[1.472s] running install_scripts
[1.502s] Installing motor_command_node script to /home/mariam/dev_ws/src/motor_command_node/install/motor_command_node/lib/motor_command_node
[1.503s] Installing motor_control_node script to /home/mariam/dev_ws/src/motor_command_node/install/motor_command_node/lib/motor_command_node
[1.503s] writing list of installed files to '/home/mariam/dev_ws/src/motor_command_node/build/motor_command_node/install.log'
[1.542s] Invoked command in '/home/mariam/dev_ws/src/motor_command_node' returned '0': PYTHONPATH=/home/mariam/dev_ws/src/motor_command_node/build/motor_command_node/prefix_override:/usr/lib/python3/dist-packages/colcon_core/task/python/colcon_distutils_commands:/home/mariam/dev_ws/src/motor_command_node/install/motor_command_node/lib/python3.10/site-packages:${PYTHONPATH} /usr/bin/python3 -W ignore:setup.py install is deprecated -W ignore:easy_install command is deprecated setup.py egg_info --egg-base build/motor_command_node build --build-base /home/mariam/dev_ws/src/motor_command_node/build/motor_command_node/build install --record /home/mariam/dev_ws/src/motor_command_node/build/motor_command_node/install.log --single-version-externally-managed
